ps createWordTree()
>>> Gcore go start
-----Gcore.start-----
>>>创建连接池   gamesg
-----end Gcore.start -----
第1次循环
DbLogger.loop()
MyRedis.loop()
Speed {43498: {1: 1200.0, 2: 2400.0}}
aaa SELECT LastCollectTime,EndTime,GiverId,JcoinGive,GcoinGive FROM tb_hold WHERE GiverId=43498
curtime 1375956901.96
EndTime 1376015666
min() 1375956901.96
LastCollectTime 1375956842
seconds 59.9603250027
进贡记录： UPDATE tb_hold SET JcoinGive=JcoinGive+ CASE GiverId  WHEN 43498 THEN 0  END , GcoinGive=GcoinGive+ CASE GiverId WHEN 43498 THEN 1  END , LastCollectTime=1375956901 WHERE GiverId=43498
进贡日志: UPDATE tb_hold_log SET Jcoin = Jcoin+CASE UserId  WHEN 43498 THEN 0 END , Gcoin = Gcoin+ CASE UserId WHEN 43498 THEN 1 END , LastGiveTime="1375956901.96" WHERE UserId=43498
Speed {43523: {1: 1392.0, 2: 1380.0}, 44457: {1: 3159.0, 2: 3159.0}, 43627: {1: 2472.0, 2: 1236.0}, 43539: {1: 5423.999999999999, 2: 13220.999999999998}, 43573: {1: 7119.0, 2: 5423.999999999999}, 43385: {2: 1355.9999999999998}, 43371: {1: 56232.0, 2: 64116.0}}
aaa SELECT LastCollectTime,EndTime,GiverId,JcoinGive,GcoinGive FROM tb_hold WHERE GiverId=43277 OR GiverId= 43337 OR GiverId= 43371 OR GiverId= 43385 OR GiverId= 43523 OR GiverId= 43539 OR GiverId= 43573 OR GiverId= 43627 OR GiverId= 44457
curtime 1375956901.96
EndTime 1376202694
min() 1375956901.96
LastCollectTime 1375956842
seconds 59.9603250027
curtime 1375956901.96
EndTime 1376015666
min() 1375956901.96
LastCollectTime 1375956842
seconds 59.9603250027
curtime 1375956901.96
EndTime 1376016003
min() 1375956901.96
LastCollectTime 1375956842
seconds 59.9603250027
curtime 1375956901.96
EndTime 1376126137
min() 1375956901.96
LastCollectTime 1375956842
seconds 59.9603250027
curtime 1375956901.96
EndTime 1376015666
min() 1375956901.96
LastCollectTime 1375956842
seconds 59.9603250027
curtime 1375956901.96
EndTime 1376098831
min() 1375956901.96
LastCollectTime 1375956842
seconds 59.9603250027
curtime 1375956901.96
EndTime 1376015666
min() 1375956901.96
LastCollectTime 1375956842
seconds 59.9603250027
curtime 1375956901.96
EndTime 1376012602
min() 1375956901.96
LastCollectTime 1375956842
seconds 59.9603250027
curtime 1375956901.96
EndTime 1376032457
min() 1375956901.96
LastCollectTime 1375956842
seconds 59.9603250027
进贡记录： UPDATE tb_hold SET JcoinGive=JcoinGive+ CASE GiverId  WHEN 43573 THEN 5  WHEN 43523 THEN 1  WHEN 43277 THEN 0  WHEN 43337 THEN 0  WHEN 43539 THEN 4  WHEN 43371 THEN 46  WHEN 43385 THEN 0  WHEN 44457 THEN 2  WHEN 43627 THEN 2  END , GcoinGive=GcoinGive+ CASE GiverId WHEN 43573 THEN 4  WHEN 43523 THEN 1  WHEN 43277 THEN 0  WHEN 43337 THEN 0  WHEN 43539 THEN 11  WHEN 43371 THEN 53  WHEN 43385 THEN 1  WHEN 44457 THEN 2  WHEN 43627 THEN 1  END , LastCollectTime=1375956901 WHERE GiverId=43277 OR GiverId= 43337 OR GiverId= 43371 OR GiverId= 43385 OR GiverId= 43523 OR GiverId= 43539 OR GiverId= 43573 OR GiverId= 43627 OR GiverId= 44457
进贡日志: UPDATE tb_hold_log SET Jcoin = Jcoin+CASE UserId  WHEN 43277 THEN 0 WHEN 43337 THEN 0 WHEN 43371 THEN 46 WHEN 43385 THEN 0 WHEN 43523 THEN 1 WHEN 43539 THEN 4 WHEN 43573 THEN 5 WHEN 43627 THEN 2 WHEN 44457 THEN 2 END , Gcoin = Gcoin+ CASE UserId WHEN 43277 THEN 0 WHEN 43337 THEN 0 WHEN 43371 THEN 53 WHEN 43385 THEN 1 WHEN 43523 THEN 1 WHEN 43539 THEN 11 WHEN 43573 THEN 4 WHEN 43627 THEN 1 WHEN 44457 THEN 2 END , LastGiveTime="1375956901.96" WHERE UserId=43277 OR UserId= 43337 OR UserId= 43371 OR UserId= 43385 OR UserId= 43523 OR UserId= 43539 OR UserId= 43573 OR UserId= 43627 OR UserId= 44457
第2次循环
Finish at: 2013-08-08 18:15:02
Total Runtime: 0.0480539798737
